<?xml version="1.0" encoding="UTF-8"?>
<!-- Generated by org.testng.reporters.JUnitXMLReporter -->
<testsuite hostname="KITC21002" ignored="0" name="Default test" tests="15" failures="0" timestamp="18 Jul 2019 14:50:19 GMT" time="0.04" errors="0">
  <testcase name="@BeforeSuite login" time="6.394" classname="pages_pom.LoginPage">
    <failure type="java.lang.NullPointerException">
      <![CDATA[java.lang.NullPointerException
at org.openqa.selenium.remote.RemoteWebDriver.findElement(RemoteWebDriver.java:315)
at pages_pom.LoginPage.login(LoginPage.java:90)
at sun.reflect.NativeMethodAccessorImpl.invoke0(Native Method)
at sun.reflect.NativeMethodAccessorImpl.invoke(NativeMethodAccessorImpl.java:62)
at sun.reflect.DelegatingMethodAccessorImpl.invoke(DelegatingMethodAccessorImpl.java:43)
at java.lang.reflect.Method.invoke(Method.java:498)
at org.testng.internal.MethodInvocationHelper.invokeMethod(MethodInvocationHelper.java:124)
at org.testng.internal.MethodInvocationHelper.invokeMethodConsideringTimeout(MethodInvocationHelper.java:59)
at org.testng.internal.Invoker.invokeConfigurationMethod(Invoker.java:458)
at org.testng.internal.Invoker.invokeConfigurations(Invoker.java:222)
at org.testng.internal.Invoker.invokeConfigurations(Invoker.java:142)
at org.testng.SuiteRunner.privateRun(SuiteRunner.java:401)
at org.testng.SuiteRunner.run(SuiteRunner.java:364)
at org.testng.SuiteRunnerWorker.runSuite(SuiteRunnerWorker.java:52)
at org.testng.SuiteRunnerWorker.run(SuiteRunnerWorker.java:84)
at org.testng.TestNG.runSuitesSequentially(TestNG.java:1208)
at org.testng.TestNG.runSuitesLocally(TestNG.java:1137)
at org.testng.TestNG.runSuites(TestNG.java:1049)
at org.testng.TestNG.run(TestNG.java:1017)
at org.testng.remote.AbstractRemoteTestNG.run(AbstractRemoteTestNG.java:115)
at org.testng.remote.RemoteTestNG.initAndRun(RemoteTestNG.java:251)
at org.testng.remote.RemoteTestNG.main(RemoteTestNG.java:77)
]]>
    </failure>
  </testcase> <!-- @BeforeSuite login -->
  <testcase name="admin" time="0.0" classname="pages_pom.LoginPage">
    <skipped/>
  </testcase> <!-- admin -->
  <testcase name="userName" time="0.0" classname="pages_pom.LoginPage">
    <skipped/>
  </testcase> <!-- userName -->
  <testcase name="userRole" time="0.0" classname="pages_pom.LoginPage">
    <skipped/>
  </testcase> <!-- userRole -->
  <testcase name="employeeSearch" time="0.0" classname="pages_pom.LoginPage">
    <skipped/>
  </testcase> <!-- employeeSearch -->
  <testcase name="search" time="0.0" classname="pages_pom.LoginPage">
    <skipped/>
  </testcase> <!-- search -->
  <testcase name="table" time="0.0" classname="pages_pom.LoginPage">
    <skipped/>
  </testcase> <!-- table -->
  <testcase name="noRecord" time="0.0" classname="pages_pom.LoginPage">
    <skipped/>
  </testcase> <!-- noRecord -->
  <testcase name="pim" time="0.0" classname="pages_pom.LoginPage">
    <skipped/>
  </testcase> <!-- pim -->
  <testcase name="employeeName" time="0.0" classname="pages_pom.LoginPage">
    <skipped/>
  </testcase> <!-- employeeName -->
  <testcase name="pimId" time="0.0" classname="pages_pom.LoginPage">
    <skipped/>
  </testcase> <!-- pimId -->
  <testcase name="empStatus" time="0.0" classname="pages_pom.LoginPage">
    <skipped/>
  </testcase> <!-- empStatus -->
  <testcase name="includ" time="0.0" classname="pages_pom.LoginPage">
    <skipped/>
  </testcase> <!-- includ -->
  <testcase name="supervisorName" time="0.0" classname="pages_pom.LoginPage">
    <skipped/>
  </testcase> <!-- supervisorName -->
  <testcase name="jobTitle" time="0.0" classname="pages_pom.LoginPage">
    <skipped/>
  </testcase> <!-- jobTitle -->
  <testcase name="subUnit" time="0.0" classname="pages_pom.LoginPage">
    <skipped/>
  </testcase> <!-- subUnit -->
</testsuite> <!-- Default test -->
